6% 0001456021 desc prod 0001456021
1 x 0.47 0.47
6% 0019498590 desc prod 0019498590
1 x 0.13 0.13
6% 0022131063 desc prod 0022131063
2 x 0.59 1.18
6% 0022892076 desc prod 0022892076
1 x 0.08 0.08
6% 0026780222 desc prod 0026780222
1 x 0.70 0.70
6% 0028227833 desc prod 0028227833
1 x 0.56 0.56
6% 0038878738 desc prod 0038878738
1 x 0.31 0.31
6% 0042678081 desc prod 0042678081
1 x 0.71 0.71
6% 0056986447 desc prod 0056986447
1 x 0.80 0.80
6% 0061363004 desc prod 0061363004
3 x 0.15 0.45
6% 0062464468 desc prod 0062464468
2 x 0.70 1.40
6% 0063290858 desc prod 0063290858
1 x 1.00 1.00
6% 0065854400 desc prod 0065854400
1 x 0.70 0.70
6% 0066488714 desc prod 0066488714
2 x 1.00 2.00
6% 0073796209 desc prod 0073796209
1 x 0.73 0.73
6% 0077624970 desc prod 0077624970
2 x 0.23 0.46
6% 0087193320 desc prod 0087193320
1 x 0.31 0.31
6% 0087373948 desc prod 0087373948
1 x 0.74 0.74
6% 0098451730 desc prod 0098451730
1 x 0.24 0.24
6% 0131701599 desc prod 0131701599
1 x 0.83 0.83
6% 0144056274 desc prod 0144056274
1 x 0.86 0.86
6% 0145058216 desc prod 0145058216
2 x 0.76 1.52
6% 0149422474 desc prod 0149422474
1 x 0.84 0.84
6% 0150233189 desc prod 0150233189
1 x 0.28 0.28
6% 0158772903 desc prod 0158772903
2 x 0.86 1.72
6% 0162160113 desc prod 0162160113
1 x 0.38 0.38
6% 0174261503 desc prod 0174261503
1 x 0.29 0.29
6% 0180543247 desc prod 0180543247
2 x 0.27 0.54
6% 0185151189 desc prod 0185151189
2 x 0.00 0.00
6% 0191805475 desc prod 0191805475
2 x 1.04 2.08
6% 0206501585 desc prod 0206501585
2 x 0.01 0.02
6% 0218676454 desc prod 0218676454
1 x 0.87 0.87
6% 0220747450 desc prod 0220747450
1 x 0.68 0.68
6% 0226851562 desc prod 0226851562
1 x 0.40 0.40
6% 0232254193 desc prod 0232254193
2 x 0.02 0.04
6% 0237403855 desc prod 0237403855
1 x 0.32 0.32
6% 0240594845 desc prod 0240594845
1 x 0.29 0.29
6% 0241520192 desc prod 0241520192
1 x 0.52 0.52
6% 0261769033 desc prod 0261769033
1 x 0.83 0.83
6% 0264989200 desc prod 0264989200
1 x 0.80 0.80
6% 0266470450 desc prod 0266470450
1 x 0.53 0.53
6% 0271527465 desc prod 0271527465
2 x 0.92 1.84
6% 0281892699 desc prod 0281892699
1 x 0.14 0.14
6% 0284118145 desc prod 0284118145
2 x 0.53 1.06
6% 0307900036 desc prod 0307900036
1 x 0.05 0.05
6% 0309126001 desc prod 0309126001
1 x 0.93 0.93
6% 0311987623 desc prod 0311987623
1 x 0.19 0.19
6% 0313603835 desc prod 0313603835
3 x 0.85 2.55
6% 0319475350 desc prod 0319475350
1 x 0.85 0.85
6% 0319711351 desc prod 0319711351
1 x 0.35 0.35
6% 0323659296 desc prod 0323659296
1 x 0.56 0.56
6% 0329122522 desc prod 0329122522
2 x 0.46 0.92
6% 0333666177 desc prod 0333666177
1 x 0.37 0.37
6% 0334642844 desc prod 0334642844
2 x 0.84 1.68
6% 0337607957 desc prod 0337607957
1 x 0.86 0.86
6% 0345777576 desc prod 0345777576
1 x 0.57 0.57
6% 0346013838 desc prod 0346013838
1 x 0.35 0.35
6% 0359179322 desc prod 0359179322
1 x 0.37 0.37
6% 0360943126 desc prod 0360943126
2 x 0.85 1.70
6% 0361380546 desc prod 0361380546
1 x 0.36 0.36
6% 0366873065 desc prod 0366873065
1 x 0.24 0.24
6% 0367112936 desc prod 0367112936
2 x 0.96 1.92
6% 0373531487 desc prod 0373531487
1 x 0.85 0.85
6% 0384623944 desc prod 0384623944
1 x 0.95 0.95
6% 0388170265 desc prod 0388170265
1 x 1.02 1.02
6% 0389626737 desc prod 0389626737
1 x 0.47 0.47
6% 0391698407 desc prod 0391698407
1 x 0.12 0.12
6% 0399007113 desc prod 0399007113
1 x 0.39 0.39
6% 0406543533 desc prod 0406543533
1 x 0.39 0.39
6% 0451806546 desc prod 0451806546
2 x 1.01 2.02
6% 0454039770 desc prod 0454039770
2 x 0.42 0.84
6% 0463394986 desc prod 0463394986
1 x 0.63 0.63
6% 0470548123 desc prod 0470548123
2 x 0.92 1.84
6% 0487633344 desc prod 0487633344
1 x 0.93 0.93
6% 0492865325 desc prod 0492865325
2 x 0.53 1.06
6% 0516988077 desc prod 0516988077
1 x 0.34 0.34
6% 0518697985 desc prod 0518697985
1 x 0.66 0.66
6% 0519197220 desc prod 0519197220
1 x 0.11 0.11
6% 0520774944 desc prod 0520774944
1 x 0.05 0.05
6% 0527398461 desc prod 0527398461
1 x 0.47 0.47
6% 0530214851 desc prod 0530214851
1 x 0.95 0.95
6% 0533651322 desc prod 0533651322
1 x 0.46 0.46
6% 0538010379 desc prod 0538010379
1 x 0.43 0.43
6% 0539982563 desc prod 0539982563
2 x 0.64 1.28
6% 0541450133 desc prod 0541450133
1 x 0.47 0.47
6% 0541757586 desc prod 0541757586
1 x 0.06 0.06
6% 0547081952 desc prod 0547081952
2 x 0.47 0.94
6% 0551634766 desc prod 0551634766
1 x 0.45 0.45
6% 0576143089 desc prod 0576143089
1 x 0.47 0.47
6% 0577083499 desc prod 0577083499
1 x 0.99 0.99
6% 0609807796 desc prod 0609807796
2 x 0.48 0.96
6% 0613446355 desc prod 0613446355
1 x 0.48 0.48
6% 0614527793 desc prod 0614527793
1 x 0.38 0.38
6% 0616245631 desc prod 0616245631
1 x 0.29 0.29
6% 0617208205 desc prod 0617208205
5 x 0.70 3.50
6% 0633578237 desc prod 0633578237
1 x 1.01 1.01
6% 0642793980 desc prod 0642793980
1 x 0.52 0.52
6% 0645270364 desc prod 0645270364
1 x 0.89 0.89
6% 0645279671 desc prod 0645279671
1 x 0.02 0.02
6% 0659368978 desc prod 0659368978
1 x 0.12 0.12
6% 0669373961 desc prod 0669373961
3 x 0.18 0.54
6% 0691051049 desc prod 0691051049
1 x 0.96 0.96
6% 0692162935 desc prod 0692162935
2 x 0.64 1.28
6% 0697129120 desc prod 0697129120
1 x 1.02 1.02
6% 0701675913 desc prod 0701675913
1 x 0.91 0.91
6% 0701691771 desc prod 0701691771
1 x 0.24 0.24
6% 0707807385 desc prod 0707807385
1 x 0.42 0.42
6% 0708262328 desc prod 0708262328
1 x 0.53 0.53
6% 0708435031 desc prod 0708435031
2 x 0.92 1.84
6% 0709381486 desc prod 0709381486
2 x 0.15 0.30
6% 0717048873 desc prod 0717048873
1 x 0.53 0.53
6% 0735403974 desc prod 0735403974
1 x 0.96 0.96
6% 0740561800 desc prod 0740561800
2 x 0.35 0.70
6% 0745337784 desc prod 0745337784
1 x 0.57 0.57
6% 0761683182 desc prod 0761683182
1 x 0.57 0.57
6% 0766947366 desc prod 0766947366
1 x 0.38 0.38
6% 0778037209 desc prod 0778037209
3 x 0.02 0.06
6% 0789597997 desc prod 0789597997
1 x 0.58 0.58
6% 0799085374 desc prod 0799085374
1 x 0.03 0.03
6% 0805506948 desc prod 0805506948
1 x 0.40 0.40
6% 0811951743 desc prod 0811951743
1 x 0.70 0.70
6% 0813484192 desc prod 0813484192
2 x 0.01 0.02
6% 0819310704 desc prod 0819310704
1 x 0.13 0.13
6% 0821373718 desc prod 0821373718
1 x 0.08 0.08
6% 0826697963 desc prod 0826697963
1 x 0.13 0.13
6% 0828715298 desc prod 0828715298
1 x 0.12 0.12
6% 0832675372 desc prod 0832675372
1 x 0.90 0.90
6% 0834040606 desc prod 0834040606
2 x 0.61 1.22
6% 0836518487 desc prod 0836518487
1 x 0.60 0.60
6% 0844994176 desc prod 0844994176
1 x 0.61 0.61
6% 0845995181 desc prod 0845995181
1 x 0.05 0.05
6% 0847898406 desc prod 0847898406
1 x 0.61 0.61
6% 0859007417 desc prod 0859007417
1 x 0.60 0.60
6% 0864640031 desc prod 0864640031
1 x 0.63 0.63
6% 0891065552 desc prod 0891065552
2 x 0.05 0.10
6% 0900154475 desc prod 0900154475
2 x 0.73 1.46
6% 0926608560 desc prod 0926608560
1 x 0.75 0.75
6% 0928002389 desc prod 0928002389
1 x 0.66 0.66
6% 0931233472 desc prod 0931233472
1 x 0.17 0.17
6% 0937936221 desc prod 0937936221
1 x 0.07 0.07
6% 0939347575 desc prod 0939347575
2 x 0.75 1.50
6% 0947414827 desc prod 0947414827
1 x 0.74 0.74
6% 0972554463 desc prod 0972554463
1 x 0.08 0.08
6% 0972888866 desc prod 0972888866
1 x 0.21 0.21
6% 0973484985 desc prod 0973484985
1 x 0.77 0.77
6% 0974868947 desc prod 0974868947
1 x 0.75 0.75
6% 0980456170 desc prod 0980456170
2 x 0.10 0.20
6% 0981427087 desc prod 0981427087
1 x 0.77 0.77
6% 0991983460 desc prod 0991983460
1 x 0.12 0.12
13% 0007282004 desc prod 0007282004
1 x 7.45 7.45
13% 0015191108 desc prod 0015191108
1 x 8.27 8.27
13% 0038370574 desc prod 0038370574
1 x 10.49 10.49
13% 0040670053 desc prod 0040670053
1 x 7.56 7.56
13% 0044995179 desc prod 0044995179
1 x 9.47 9.47
13% 0052970245 desc prod 0052970245
1 x 5.36 5.36
13% 0056065734 desc prod 0056065734
1 x 10.59 10.59
13% 0066110396 desc prod 0066110396
1 x 2.24 2.24
13% 0068501669 desc prod 0068501669
1 x 6.73 6.73
13% 0073279707 desc prod 0073279707
2 x 7.81 15.62
13% 0074984540 desc prod 0074984540
1 x 8.78 8.78
13% 0083725673 desc prod 0083725673
1 x 6.52 6.52
13% 0087641712 desc prod 0087641712
2 x 7.88 15.76
13% 0088786359 desc prod 0088786359
1 x 10.53 10.53
13% 0095493865 desc prod 0095493865
3 x 2.40 7.20
13% 0105294598 desc prod 0105294598
1 x 7.91 7.91
13% 0118365230 desc prod 0118365230
2 x 2.45 4.90
13% 0153419272 desc prod 0153419272
1 x 2.87 2.87
13% 0153847909 desc prod 0153847909
1 x 8.92 8.92
13% 0157979744 desc prod 0157979744
2 x 7.99 15.98
13% 0164014489 desc prod 0164014489
2 x 2.95 5.90
13% 0169403729 desc prod 0169403729
1 x 9.09 9.09
13% 0174139611 desc prod 0174139611
1 x 8.26 8.26
13% 0177285299 desc prod 0177285299
1 x 11.02 11.02
13% 0185722563 desc prod 0185722563
1 x 9.07 9.07
13% 0194001504 desc prod 0194001504
1 x 4.18 4.18
13% 0200382708 desc prod 0200382708
1 x 9.24 9.24
13% 0203723002 desc prod 0203723002
1 x 5.32 5.32
13% 0205435057 desc prod 0205435057
1 x 4.18 4.18
13% 0217677534 desc prod 0217677534
1 x 7.51 7.51
13% 0227692365 desc prod 0227692365
1 x 7.30 7.30
13% 0229211150 desc prod 0229211150
4 x 1.70 6.80
13% 0236233462 desc prod 0236233462
2 x 8.60 17.20
13% 0247934339 desc prod 0247934339
1 x 6.40 6.40
13% 0247991965 desc prod 0247991965
2 x 3.38 6.76
13% 0272334571 desc prod 0272334571
1 x 0.21 0.21
13% 0274012307 desc prod 0274012307
1 x 9.55 9.55
13% 0274718743 desc prod 0274718743
1 x 9.86 9.86
13% 0286825187 desc prod 0286825187
1 x 10.43 10.43
13% 0304072684 desc prod 0304072684
1 x 5.63 5.63
13% 0310526316 desc prod 0310526316
1 x 10.08 10.08
13% 0343157225 desc prod 0343157225
1 x 4.96 4.96
13% 0360158865 desc prod 0360158865
1 x 2.12 2.12
13% 0377754800 desc prod 0377754800
1 x 5.15 5.15
13% 0384526777 desc prod 0384526777
1 x 3.66 3.66
13% 0388640821 desc prod 0388640821
1 x 10.46 10.46
13% 0396666091 desc prod 0396666091
1 x 7.11 7.11
13% 0401612259 desc prod 0401612259
1 x 2.90 2.90
13% 0402011651 desc prod 0402011651
1 x 0.03 0.03
13% 0438046708 desc prod 0438046708
1 x 7.11 7.11
13% 0439113765 desc prod 0439113765
1 x 10.49 10.49
13% 0444570058 desc prod 0444570058
1 x 10.70 10.70
13% 0455120125 desc prod 0455120125
1 x 4.23 4.23
13% 0464072947 desc prod 0464072947
2 x 9.79 19.58
13% 0466317677 desc prod 0466317677
1 x 9.83 9.83
13% 0470498868 desc prod 0470498868
3 x 8.61 25.83
13% 0491996660 desc prod 0491996660
1 x 9.67 9.67
13% 0494094207 desc prod 0494094207
2 x 2.05 4.10
13% 0494205666 desc prod 0494205666
2 x 4.63 9.26
13% 0496573131 desc prod 0496573131
1 x 6.66 6.66
13% 0504800904 desc prod 0504800904
1 x 10.00 10.00
13% 0523869108 desc prod 0523869108
1 x 4.57 4.57
13% 0533464845 desc prod 0533464845
1 x 5.66 5.66
13% 0538181030 desc prod 0538181030
1 x 10.25 10.25
13% 0540392792 desc prod 0540392792
2 x 10.26 20.52
13% 0556012514 desc prod 0556012514
1 x 3.80 3.80
13% 0556555796 desc prod 0556555796
1 x 10.35 10.35
13% 0562266676 desc prod 0562266676
1 x 6.12 6.12
13% 0567325890 desc prod 0567325890
1 x 10.34 10.34
13% 0590892572 desc prod 0590892572
1 x 4.93 4.93
13% 0593860293 desc prod 0593860293
1 x 8.18 8.18
13% 0594466011 desc prod 0594466011
2 x 0.25 0.50
13% 0605297958 desc prod 0605297958
1 x 10.57 10.57
13% 0616973147 desc prod 0616973147
1 x 10.41 10.41
13% 0626211467 desc prod 0626211467
1 x 5.38 5.38
13% 0640276143 desc prod 0640276143
1 x 8.35 8.35
13% 0656694349 desc prod 0656694349
1 x 6.38 6.38
13% 0662207533 desc prod 0662207533
2 x 6.62 13.24
13% 0662553149 desc prod 0662553149
1 x 10.90 10.90
13% 0666693589 desc prod 0666693589
2 x 10.66 21.32
13% 0669014531 desc prod 0669014531
1 x 6.52 6.52
13% 0675432114 desc prod 0675432114
1 x 1.40 1.40
13% 0693739999 desc prod 0693739999
2 x 1.82 3.64
13% 0704664426 desc prod 0704664426
1 x 10.77 10.77
13% 0715807762 desc prod 0715807762
2 x 3.57 7.14
13% 0716418676 desc prod 0716418676
3 x 1.65 4.95
13% 0735742048 desc prod 0735742048
2 x 7.03 14.06
13% 0735779123 desc prod 0735779123
2 x 2.86 5.72
13% 0736068376 desc prod 0736068376
1 x 0.44 0.44
13% 0754504031 desc prod 0754504031
1 x 6.84 6.84
13% 0754721590 desc prod 0754721590
1 x 10.02 10.02
13% 0766566577 desc prod 0766566577
2 x 10.15 20.30
13% 0766622678 desc prod 0766622678
2 x 0.09 0.18
13% 0770532286 desc prod 0770532286
1 x 0.11 0.11
13% 0771599636 desc prod 0771599636
1 x 0.14 0.14
13% 0772754150 desc prod 0772754150
1 x 6.15 6.15
13% 0776717947 desc prod 0776717947
3 x 9.32 27.96
13% 0814184291 desc prod 0814184291
2 x 6.36 12.72
13% 0837241070 desc prod 0837241070
1 x 8.62 8.62
13% 0841731886 desc prod 0841731886
2 x 6.59 13.18
13% 0865726168 desc prod 0865726168
1 x 1.45 1.45
13% 0869194637 desc prod 0869194637
1 x 6.69 6.69
13% 0875425623 desc prod 0875425623
1 x 1.73 1.73
13% 0894387615 desc prod 0894387615
1 x 6.80 6.80
13% 0910226497 desc prod 0910226497
1 x 10.92 10.92
13% 0921450969 desc prod 0921450969
1 x 2.66 2.66
13% 0925852595 desc prod 0925852595
1 x 1.67 1.67
13% 0930493417 desc prod 0930493417
2 x 9.15 18.30
13% 0930540332 desc prod 0930540332
2 x 8.06 16.12
13% 0933831892 desc prod 0933831892
2 x 7.77 15.54
13% 0945039019 desc prod 0945039019
1 x 7.12 7.12
13% 0947007092 desc prod 0947007092
2 x 7.98 15.96
13% 0956027229 desc prod 0956027229
1 x 1.07 1.07
13% 0972576910 desc prod 0972576910
2 x 0.49 0.98
13% 0977012310 desc prod 0977012310
1 x 7.03 7.03
13% 0988614843 desc prod 0988614843
1 x 2.07 2.07
13% 0995677707 desc prod 0995677707
1 x 7.11 7.11
13% 0999093773 desc prod 0999093773
1 x 8.40 8.40
13% 0999883261 desc prod 0999883261
1 x 7.33 7.33
23% 0000928012 desc prod 0000928012
1 x 9.24 9.24
23% 0019207985 desc prod 0019207985
1 x 78.94 78.94
23% 0025578479 desc prod 0025578479
1 x 22.03 22.03
23% 0072319600 desc prod 0072319600
1 x 61.30 61.30
23% 0074135807 desc prod 0074135807
1 x 24.65 24.65
23% 0088797122 desc prod 0088797122
1 x 20.43 20.43
23% 0100694433 desc prod 0100694433
1 x 37.36 37.36
23% 0103197475 desc prod 0103197475
2 x 39.96 79.92
23% 0122323570 desc prod 0122323570
1 x 73.91 73.91
23% 0126701508 desc prod 0126701508
1 x 29.94 29.94
23% 0152771132 desc prod 0152771132
1 x 55.29 55.29
23% 0157227628 desc prod 0157227628
1 x 89.05 89.05
23% 0165112635 desc prod 0165112635
2 x 85.66 171.32
23% 0166670505 desc prod 0166670505
3 x 63.86 191.58
23% 0167537583 desc prod 0167537583
1 x 55.52 55.52
23% 0168598623 desc prod 0168598623
1 x 32.42 32.42
23% 0180225399 desc prod 0180225399
1 x 76.83 76.83
23% 0188300753 desc prod 0188300753
1 x 31.18 31.18
23% 0196553953 desc prod 0196553953
2 x 108.04 216.08
23% 0203221268 desc prod 0203221268
2 x 91.94 183.88
23% 0207681164 desc prod 0207681164
1 x 92.20 92.20
23% 0207697578 desc prod 0207697578
1 x 34.92 34.92
23% 0213950701 desc prod 0213950701
1 x 32.12 32.12
23% 0229434801 desc prod 0229434801
1 x 104.46 104.46
23% 0235074282 desc prod 0235074282
1 x 93.78 93.78
23% 0249681883 desc prod 0249681883
1 x 95.04 95.04
23% 0262380241 desc prod 0262380241
1 x 95.68 95.68
23% 0264768685 desc prod 0264768685
3 x 33.81 101.43
23% 0273726343 desc prod 0273726343
1 x 4.59 4.59
23% 0275099532 desc prod 0275099532
1 x 104.17 104.17
23% 0288378271 desc prod 0288378271
2 x 105.02 210.04
23% 0293496174 desc prod 0293496174
1 x 39.48 39.48
23% 0297588850 desc prod 0297588850
1 x 48.27 48.27
23% 0297974008 desc prod 0297974008
1 x 105.21 105.21
23% 0303901363 desc prod 0303901363
1 x 12.09 12.09
23% 0309086868 desc prod 0309086868
1 x 117.70 117.70
23% 0309486501 desc prod 0309486501
2 x 40.41 80.82
23% 0312132006 desc prod 0312132006
1 x 61.34 61.34
23% 0326721816 desc prod 0326721816
1 x 41.93 41.93
23% 0328854202 desc prod 0328854202
2 x 4.85 9.70
23% 0344938826 desc prod 0344938826
1 x 54.24 54.24
23% 0346393832 desc prod 0346393832
1 x 85.72 85.72
23% 0363249273 desc prod 0363249273
1 x 41.45 41.45
23% 0365517577 desc prod 0365517577
1 x 66.78 66.78
23% 0371136505 desc prod 0371136505
1 x 43.78 43.78
23% 0373199959 desc prod 0373199959
1 x 102.13 102.13
23% 0374279763 desc prod 0374279763
1 x 55.57 55.57
23% 0381265980 desc prod 0381265980
1 x 45.21 45.21
23% 0383754692 desc prod 0383754692
2 x 102.02 204.04
23% 0406558716 desc prod 0406558716
1 x 55.21 55.21
23% 0426718367 desc prod 0426718367
1 x 115.50 115.50
23% 0427665857 desc prod 0427665857
1 x 58.28 58.28
23% 0429753674 desc prod 0429753674
1 x 101.75 101.75
23% 0431823821 desc prod 0431823821
1 x 105.04 105.04
23% 0433414105 desc prod 0433414105
1 x 13.74 13.74
23% 0438361263 desc prod 0438361263
1 x 57.15 57.15
23% 0444270414 desc prod 0444270414
2 x 68.90 137.80
23% 0445971670 desc prod 0445971670
2 x 48.22 96.44
23% 0450418735 desc prod 0450418735
1 x 59.68 59.68
23% 0453689634 desc prod 0453689634
1 x 48.74 48.74
23% 0456691146 desc prod 0456691146
1 x 92.88 92.88
23% 0469242427 desc prod 0469242427
1 x 73.07 73.07
23% 0483089916 desc prod 0483089916
1 x 82.48 82.48
23% 0491665132 desc prod 0491665132
1 x 119.57 119.57
23% 0510654776 desc prod 0510654776
1 x 52.47 52.47
23% 0513645202 desc prod 0513645202
2 x 49.36 98.72
23% 0516807476 desc prod 0516807476
2 x 52.36 104.72
23% 0534542662 desc prod 0534542662
1 x 98.90 98.90
23% 0534821715 desc prod 0534821715
1 x 119.58 119.58
23% 0535727899 desc prod 0535727899
1 x 19.95 19.95
23% 0564790823 desc prod 0564790823
1 x 109.84 109.84
23% 0577371903 desc prod 0577371903
1 x 96.91 96.91
23% 0583146567 desc prod 0583146567
1 x 42.98 42.98
23% 0590975912 desc prod 0590975912
2 x 122.35 244.70
23% 0602080116 desc prod 0602080116
2 x 68.62 137.24
23% 0605954797 desc prod 0605954797
1 x 15.17 15.17
23% 0617370052 desc prod 0617370052
1 x 21.55 21.55
23% 0625841367 desc prod 0625841367
1 x 56.41 56.41
23% 0631336356 desc prod 0631336356
1 x 25.42 25.42
23% 0633197448 desc prod 0633197448
1 x 59.48 59.48
23% 0643173974 desc prod 0643173974
1 x 83.12 83.12
23% 0650834574 desc prod 0650834574
1 x 59.95 59.95
23% 0654598220 desc prod 0654598220
1 x 57.18 57.18
23% 0675095097 desc prod 0675095097
1 x 1.00 1.00
23% 0691795568 desc prod 0691795568
2 x 28.62 57.24
23% 0716436467 desc prod 0716436467
1 x 49.56 49.56
23% 0725943013 desc prod 0725943013
1 x 121.62 121.62
23% 0742261317 desc prod 0742261317
1 x 62.91 62.91
23% 0756577728 desc prod 0756577728
1 x 51.94 51.94
23% 0757015964 desc prod 0757015964
1 x 66.12 66.12
23% 0761503544 desc prod 0761503544
2 x 0.92 1.84
23% 0774463770 desc prod 0774463770
1 x 67.04 67.04
23% 0776662668 desc prod 0776662668
1 x 1.53 1.53
23% 0778204398 desc prod 0778204398
1 x 76.15 76.15
23% 0782725182 desc prod 0782725182
1 x 68.22 68.22
23% 0784320305 desc prod 0784320305
2 x 88.39 176.78
23% 0786858782 desc prod 0786858782
2 x 68.45 136.90
23% 0817962559 desc prod 0817962559
1 x 70.32 70.32
23% 0827711004 desc prod 0827711004
1 x 113.91 113.91
23% 0828091793 desc prod 0828091793
3 x 102.56 307.68
23% 0829860771 desc prod 0829860771
2 x 70.21 140.42
23% 0839848798 desc prod 0839848798
1 x 16.78 16.78
23% 0860110643 desc prod 0860110643
1 x 104.01 104.01
23% 0871216371 desc prod 0871216371
1 x 6.94 6.94
23% 0875321905 desc prod 0875321905
1 x 4.97 4.97
23% 0876050478 desc prod 0876050478
1 x 5.10 5.10
23% 0881307388 desc prod 0881307388
1 x 15.72 15.72
23% 0882294593 desc prod 0882294593
1 x 70.49 70.49
23% 0900183852 desc prod 0900183852
2 x 117.50 235.00
23% 0900652364 desc prod 0900652364
1 x 16.74 16.74
23% 0909972705 desc prod 0909972705
2 x 74.64 149.28
23% 0921931099 desc prod 0921931099
1 x 76.27 76.27
23% 0926765793 desc prod 0926765793
1 x 98.92 98.92
23% 0937449959 desc prod 0937449959
1 x 54.37 54.37
23% 0949754261 desc prod 0949754261
1 x 22.72 22.72
23% 0952848399 desc prod 0952848399
1 x 77.08 77.08
23% 0953205375 desc prod 0953205375
2 x 11.55 23.10
23% 0962236144 desc prod 0962236144
1 x 20.61 20.61
23% 0965539504 desc prod 0965539504
1 x 23.97 23.97
23% 0990768591 desc prod 0990768591
1 x 79.96 79.96
10193.01
1
10193.01
0617208205
